<?xml version="1.0" encoding="UTF-8"?>
<testsuite name="HandBagTest" tests="8" skipped="0" failures="0" errors="0" timestamp="2022-10-10T03:04:07" hostname="Aris-MacBook-Pro.local" time="0.024">
  <properties/>
  <testcase name="TestSetColor" classname="HandBagTest" time="0.011"/>
  <testcase name="testGetColor" classname="HandBagTest" time="0.001"/>
  <testcase name="TestEnhance" classname="HandBagTest" time="0.001"/>
  <testcase name="TestGetCapacity" classname="HandBagTest" time="0.001"/>
  <testcase name="TestIncreaseCapacity" classname="HandBagTest" time="0.001"/>
  <testcase name="testGetNumberOfContentsPop" classname="HandBagTest" time="0.001"/>
  <testcase name="testGetNumberOfContentsNonEmpty" classname="HandBagTest" time="0.001"/>
  <testcase name="testGetNumberOfContentsEmpty" classname="HandBagTest" time="0.0"/>
  <system-out><![CDATA[]]></system-out>
  <system-err><![CDATA[]]></system-err>
</testsuite>
